[debug] [2017-09-15T10:09:14.491Z] ----------------------------------------------------------------------
[debug] [2017-09-15T10:09:14.493Z] Command:       /usr/local/bin/node /usr/local/bin/firebase serve --only functions,hosting
[debug] [2017-09-15T10:09:14.493Z] CLI Version:   3.10.1
[debug] [2017-09-15T10:09:14.493Z] Platform:      darwin
[debug] [2017-09-15T10:09:14.493Z] Node Version:  v7.9.0
[debug] [2017-09-15T10:09:14.494Z] Time:          Fri Sep 15 2017 11:09:14 GMT+0100 (WAT)
[debug] [2017-09-15T10:09:14.494Z] ----------------------------------------------------------------------
[debug] 
[debug] [2017-09-15T10:09:14.504Z] > command requires scopes: ["email","openid","https://www.googleapis.com/auth/cloudplatformprojects.readonly","https://www.googleapis.com/auth/firebase","https://www.googleapis.com/auth/cloud-platform"]
[debug] [2017-09-15T10:09:14.504Z] > authorizing via signed-in user
[debug] [2017-09-15T10:09:14.506Z] >>> HTTP REQUEST GET https://admin.firebase.com/v1/projects/pheyi-161501  
 Fri Sep 15 2017 11:09:14 GMT+0100 (WAT)
[debug] [2017-09-15T10:09:16.847Z] <<< HTTP RESPONSE 200
[debug] [2017-09-15T10:09:16.848Z] >>> HTTP REQUEST GET https://admin.firebase.com/v1/database/pheyi-161501/tokens  
 Fri Sep 15 2017 11:09:16 GMT+0100 (WAT)
[debug] [2017-09-15T10:09:18.980Z] <<< HTTP RESPONSE 200
[info] 
[info] === Serving from '/Users/danieladigun/Desktop/pheyi-ng'...
[info] 
[info] i  functions: Preparing to emulate HTTPS functions. Support for other event types coming soon.
[debug] [2017-09-15T10:09:19.493Z] Error: EACCES: permission denied, mkdir '/usr/local/lib/node_modules/@google-cloud/functions-emulator/logs'
    at Object.fs.mkdirSync (fs.js:895:18)
    at Object.assertLogsPath (/usr/local/lib/node_modules/@google-cloud/functions-emulator/src/emulator/logs.js:31:10)
    at new Controller (/usr/local/lib/node_modules/@google-cloud/functions-emulator/src/cli/controller.js:85:32)
    at Object._startEmulator [as start] (/usr/local/lib/node_modules/firebase-tools/lib/serve/functions.js:88:16)
    at /usr/local/lib/node_modules/firebase-tools/lib/serve/index.js:16:19
    at arrayMap (/usr/local/lib/node_modules/firebase-tools/node_modules/lodash/lodash.js:660:23)
    at Function.map (/usr/local/lib/node_modules/firebase-tools/node_modules/lodash/lodash.js:9571:14)
    at _serve (/usr/local/lib/node_modules/firebase-tools/lib/serve/index.js:14:21)
    at Command._action (/usr/local/lib/node_modules/firebase-tools/commands/serve.js:42:12)
    at /usr/local/lib/node_modules/firebase-tools/lib/command.js:176:29
[error] 
[error] Error: An unexpected error has occurred.
